e:\work\brook\brook\release\vc140.pdb
e:\work\brook\brook\release\stdafx.obj
e:\work\brook\brook\release\time_opt.obj
e:\work\brook\brook\release\string_tool.obj
e:\work\brook\brook\release\rector.obj
e:\work\brook\brook\release\platform.obj
e:\work\brook\brook\release\fd_uniqid.obj
e:\work\brook\brook\release\fdthread.obj
e:\work\brook\brook\release\fdnet.obj
e:\work\brook\brook\release\fdlog.obj
e:\work\brook\brook\release\event_poll.obj
e:\work\brook\brook\release\events.obj
e:\work\brook\brook\release\synchronous.obj
e:\work\brook\brook\release\inifile.obj
e:\work\brook\brook\release\crash_process.obj
e:\work\brook\brook\release\brook.obj
e:\work\brook\release\brook.exe
e:\work\brook\release\brook.ipdb
e:\work\brook\release\brook.iobj
e:\work\brook\release\brook.pdb
e:\work\brook\brook\release\brook.tlog\cl.command.1.tlog
e:\work\brook\brook\release\brook.tlog\cl.read.1.tlog
e:\work\brook\brook\release\brook.tlog\cl.write.1.tlog
e:\work\brook\brook\release\brook.tlog\link.command.1.tlog
e:\work\brook\brook\release\brook.tlog\link.read.1.tlog
e:\work\brook\brook\release\brook.tlog\link.write.1.tlog
